SF:lib/models/movie.dart
DA:19,4
DA:20,8
DA:21,8
DA:22,8
DA:23,8
DA:24,8
DA:25,8
DA:26,8
DA:27,8
DA:28,8
DA:29,16
DA:30,16
DA:32,8
DA:33,8
DA:34,8
DA:35,8
DA:38,0
DA:40,4
DA:42,0
DA:44,0
DA:46,0
DA:48,0
DA:50,0
DA:52,4
DA:54,0
DA:56,4
DA:58,4
DA:60,0
DA:62,4
DA:64,0
LF:30
LH:21
end_of_record
SF:lib/models/movies.dart
DA:11,4
DA:12,12
DA:13,8
DA:14,8
DA:15,8
DA:16,4
DA:17,16
DA:18,12
DA:19,4
DA:21,4
DA:24,4
DA:26,0
DA:28,2
DA:30,0
LF:14
LH:12
end_of_record
SF:lib/resources/movie_api_provider.dart
DA:10,2
DA:11,2
DA:12,4
DA:13,6
DA:14,6
DA:15,4
DA:17,3
DA:20,2
LF:8
LH:8
end_of_record
SF:lib/blocs/movie/movie_bloc.dart
DA:11,2
DA:13,1
DA:14,2
DA:17,2
DA:18,2
DA:21,2
DA:22,2
DA:23,4
DA:25,6
DA:26,2
DA:28,4
LF:11
LH:11
end_of_record
SF:lib/blocs/movie/movie_state.dart
DA:18,2
DA:19,0
DA:20,2
LF:3
LH:2
end_of_record
SF:lib/resources/movie_repository.dart
DA:9,3
LF:1
LH:1
end_of_record
SF:lib/blocs/simple_bloc_delegate.dart
DA:13,0
DA:15,0
DA:18,0
DA:20,0
DA:23,0
DA:25,0
LF:6
LH:0
end_of_record
SF:lib/main.dart
DA:10,0
DA:11,0
DA:12,0
DA:16,1
DA:17,1
DA:24,1
DA:26,1
DA:27,1
DA:28,1
DA:30,1
DA:42,1
DA:47,1
DA:49,2
DA:50,1
LF:14
LH:11
end_of_record
SF:lib/pages/movie_list_page.dart
DA:7,6
DA:11,2
DA:12,2
DA:19,2
DA:21,6
DA:22,4
DA:23,2
DA:26,2
DA:29,2
DA:30,2
DA:31,6
DA:33,2
DA:34,2
DA:35,2
DA:39,2
DA:41,2
LF:16
LH:16
end_of_record
SF:lib/pages/movie_details_page.dart
DA:7,6
DA:11,2
DA:12,2
DA:18,2
DA:20,2
DA:21,2
DA:22,8
DA:24,2
DA:25,4
LF:9
LH:9
end_of_record
SF:lib/widgets/movie_details.dart
DA:6,2
DA:9,2
DA:13,2
DA:15,2
DA:16,2
DA:18,2
DA:19,2
DA:21,2
DA:23,2
DA:24,2
DA:25,2
DA:26,6
DA:29,6
DA:34,2
DA:35,8
DA:36,2
DA:39,2
DA:40,2
DA:41,2
DA:43,6
LF:20
LH:20
end_of_record
SF:lib/widgets/movie_list.dart
DA:9,2
DA:11,2
DA:13,2
DA:14,2
DA:15,2
DA:17,2
DA:19,2
DA:20,2
DA:24,1
DA:26,0
DA:28,0
DA:33,1
DA:34,0
DA:38,1
DA:39,2
DA:47,1
DA:48,2
DA:49,1
DA:50,2
DA:52,1
DA:53,1
DA:54,1
DA:55,3
DA:56,2
DA:57,3
DA:58,1
DA:59,2
DA:62,1
DA:63,2
DA:64,1
DA:65,1
DA:66,1
DA:67,1
DA:68,4
DA:71,4
DA:81,1
DA:83,3
DA:86,1
LF:38
LH:35
end_of_record
