SF:lib/models/movies.dart
DA:9,1
DA:10,3
DA:11,2
DA:12,2
DA:13,2
DA:14,1
DA:15,4
DA:16,3
DA:17,1
DA:19,1
DA:22,0
DA:24,0
DA:26,0
DA:28,0
DA:47,1
DA:48,2
DA:49,2
DA:50,2
DA:51,2
DA:52,2
DA:53,2
DA:54,2
DA:55,2
DA:56,2
DA:57,4
DA:58,4
DA:60,2
DA:61,2
DA:62,2
DA:63,2
DA:66,0
DA:68,0
DA:70,0
DA:72,0
DA:74,0
DA:76,0
DA:78,0
DA:80,0
DA:82,0
DA:84,0
DA:86,0
DA:88,0
DA:90,0
DA:92,0
LF:44
LH:26
end_of_record
SF:lib/resources/movie_api_provider.dart
DA:10,3
DA:11,3
DA:12,6
DA:13,9
DA:14,6
DA:15,4
DA:17,3
DA:20,2
LF:8
LH:8
end_of_record
SF:lib/blocs/movie_bloc.dart
DA:11,1
DA:12,2
DA:15,2
DA:16,2
DA:19,2
DA:20,2
DA:21,4
DA:24,6
DA:25,0
DA:27,2
LF:10
LH:9
end_of_record
SF:lib/blocs/movie_state.dart
DA:18,0
DA:19,0
DA:20,0
LF:3
LH:0
end_of_record
SF:lib/resources/movie_repository.dart
DA:9,6
LF:1
LH:1
end_of_record
SF:lib/main.dart
DA:4,0
DA:8,1
DA:10,1
DA:12,1
DA:24,1
LF:5
LH:4
end_of_record
SF:lib/pages/movie_page.dart
DA:7,2
DA:11,1
DA:12,1
DA:17,1
DA:19,1
DA:20,1
DA:21,3
DA:23,1
DA:24,1
DA:25,1
DA:29,1
DA:31,2
DA:32,1
LF:13
LH:13
end_of_record
SF:lib/widgets/movie_list.dart
DA:8,1
DA:10,1
DA:11,1
DA:13,1
DA:14,1
DA:15,1
DA:17,1
DA:20,1
DA:21,2
DA:25,0
DA:27,0
DA:29,0
DA:34,0
DA:35,0
DA:39,0
DA:40,0
DA:48,0
DA:49,0
DA:50,0
DA:51,0
DA:53,0
DA:54,0
DA:55,0
DA:56,0
LF:24
LH:9
end_of_record
